Build started 9/4/2013 11:29:53 PM.
     1>Project "E:\Project Code\C++\Mario 2D\Mario 2D\Mario 2D.vcxproj" on node 2 (build target(s)).
     1>InitializeBuildStatus:
         Creating "Debug\Mario 2D.unsuccessfulbuild" because "AlwaysCreate" was specified.
       ClCompile:
         C:\Program Files\Microsoft Visual Studio 10.0\VC\bin\CL.exe /c /ZI /nologo /W3 /WX- /Od /Oy- /D WIN32 /D _DEBUG /D _WINDOWS /D _MBCS /Gm /EHsc /RTC1 /MDd /GS /fp:precise /Zc:wchar_t /Zc:forScope /Fo"Debug\\" /Fd"Debug\vc100.pdb" /Gd /TP /analyze- /errorReport:prompt Camera.cpp GameApps.cpp GameState.cpp GameStateManager.cpp Input.cpp LoadingState.cpp LogoState.cpp MainGame.cpp MenuState.cpp Register.cpp
         Camera.cpp
         c:\program files\microsoft directx sdk (june 2010)\include\dinput.h: DIRECTINPUT_VERSION undefined. Defaulting to version 0x0800
     1>e:\project code\c++\mario 2d\mario 2d\input.h(8): warning C4005: 'DIRECTINPUT_VERSION' : macro redefinition
                 c:\program files\microsoft directx sdk (june 2010)\include\dinput.h(42) : see previous definition of 'DIRECTINPUT_VERSION'
         Generating Code...
         Compiling...
         Register.cpp
     1>e:\project code\c++\mario 2d\mario 2d\register.cpp(51): warning C4800: 'BOOL' : forcing value to bool 'true' or 'false' (performance warning)
         MenuState.cpp
         c:\program files\microsoft directx sdk (june 2010)\include\dinput.h: DIRECTINPUT_VERSION undefined. Defaulting to version 0x0800
     1>e:\project code\c++\mario 2d\mario 2d\input.h(8): warning C4005: 'DIRECTINPUT_VERSION' : macro redefinition
                 c:\program files\microsoft directx sdk (june 2010)\include\dinput.h(42) : see previous definition of 'DIRECTINPUT_VERSION'
     1>e:\project code\c++\mario 2d\mario 2d\menustate.cpp(66): warning C4244: 'argument' : conversion from 'LONG' to 'FLOAT', possible loss of data
     1>e:\project code\c++\mario 2d\mario 2d\menustate.cpp(69): warning C4244: 'argument' : conversion from 'LONG' to 'FLOAT', possible loss of data
     1>e:\project code\c++\mario 2d\mario 2d\menustate.cpp(72): warning C4244: 'argument' : conversion from 'LONG' to 'FLOAT', possible loss of data
     1>e:\project code\c++\mario 2d\mario 2d\menustate.cpp(75): warning C4244: 'argument' : conversion from 'LONG' to 'FLOAT', possible loss of data
     1>e:\project code\c++\mario 2d\mario 2d\menustate.cpp(78): warning C4244: 'argument' : conversion from 'LONG' to 'FLOAT', possible loss of data
     1>e:\project code\c++\mario 2d\mario 2d\menustate.cpp(86): warning C4244: 'argument' : conversion from 'LONG' to 'FLOAT', possible loss of data
     1>e:\project code\c++\mario 2d\mario 2d\menustate.cpp(86): warning C4244: 'argument' : conversion from 'LONG' to 'FLOAT', possible loss of data
     1>e:\project code\c++\mario 2d\mario 2d\menustate.cpp(91): warning C4244: 'argument' : conversion from 'LONG' to 'FLOAT', possible loss of data
     1>e:\project code\c++\mario 2d\mario 2d\menustate.cpp(91): warning C4244: 'argument' : conversion from 'LONG' to 'FLOAT', possible loss of data
     1>e:\project code\c++\mario 2d\mario 2d\menustate.cpp(92): warning C4244: 'argument' : conversion from 'LONG' to 'FLOAT', possible loss of data
     1>e:\project code\c++\mario 2d\mario 2d\menustate.cpp(92): warning C4244: 'argument' : conversion from 'LONG' to 'FLOAT', possible loss of data
     1>e:\project code\c++\mario 2d\mario 2d\menustate.cpp(93): warning C4244: 'argument' : conversion from 'LONG' to 'FLOAT', possible loss of data
     1>e:\project code\c++\mario 2d\mario 2d\menustate.cpp(93): warning C4244: 'argument' : conversion from 'LONG' to 'FLOAT', possible loss of data
     1>e:\project code\c++\mario 2d\mario 2d\menustate.cpp(94): warning C4244: 'argument' : conversion from 'LONG' to 'FLOAT', possible loss of data
     1>e:\project code\c++\mario 2d\mario 2d\menustate.cpp(94): warning C4244: 'argument' : conversion from 'LONG' to 'FLOAT', possible loss of data
     1>e:\project code\c++\mario 2d\mario 2d\menustate.cpp(95): warning C4244: 'argument' : conversion from 'LONG' to 'FLOAT', possible loss of data
     1>e:\project code\c++\mario 2d\mario 2d\menustate.cpp(95): warning C4244: 'argument' : conversion from 'LONG' to 'FLOAT', possible loss of data
     1>e:\project code\c++\mario 2d\mario 2d\menustate.cpp(100): warning C4244: 'argument' : conversion from 'int' to 'FLOAT', possible loss of data
     1>e:\project code\c++\mario 2d\mario 2d\menustate.cpp(100): warning C4244: 'argument' : conversion from 'int' to 'FLOAT', possible loss of data
     1>e:\project code\c++\mario 2d\mario 2d\menustate.cpp(111): warning C4244: '=' : conversion from 'FLOAT' to 'LONG', possible loss of data
     1>e:\project code\c++\mario 2d\mario 2d\menustate.cpp(112): warning C4244: '=' : conversion from 'FLOAT' to 'LONG', possible loss of data
     1>e:\project code\c++\mario 2d\mario 2d\menustate.cpp(113): warning C4244: '=' : conversion from 'float' to 'LONG', possible loss of data
     1>e:\project code\c++\mario 2d\mario 2d\menustate.cpp(114): warning C4244: '=' : conversion from 'float' to 'LONG', possible loss of data
     1>e:\project code\c++\mario 2d\mario 2d\menustate.cpp(121): warning C4018: '<' : signed/unsigned mismatch
     1>e:\project code\c++\mario 2d\mario 2d\menustate.cpp(206): warning C4018: '<' : signed/unsigned mismatch
         MainGame.cpp
         c:\program files\microsoft directx sdk (june 2010)\include\dinput.h: DIRECTINPUT_VERSION undefined. Defaulting to version 0x0800
     1>e:\project code\c++\mario 2d\mario 2d\input.h(8): warning C4005: 'DIRECTINPUT_VERSION' : macro redefinition
                 c:\program files\microsoft directx sdk (june 2010)\include\dinput.h(42) : see previous definition of 'DIRECTINPUT_VERSION'
         LogoState.cpp
         c:\program files\microsoft directx sdk (june 2010)\include\dinput.h: DIRECTINPUT_VERSION undefined. Defaulting to version 0x0800
     1>e:\project code\c++\mario 2d\mario 2d\input.h(8): warning C4005: 'DIRECTINPUT_VERSION' : macro redefinition
                 c:\program files\microsoft directx sdk (june 2010)\include\dinput.h(42) : see previous definition of 'DIRECTINPUT_VERSION'
         LoadingState.cpp
         c:\program files\microsoft directx sdk (june 2010)\include\dinput.h: DIRECTINPUT_VERSION undefined. Defaulting to version 0x0800
     1>e:\project code\c++\mario 2d\mario 2d\input.h(8): warning C4005: 'DIRECTINPUT_VERSION' : macro redefinition
                 c:\program files\microsoft directx sdk (june 2010)\include\dinput.h(42) : see previous definition of 'DIRECTINPUT_VERSION'
         Input.cpp
         c:\program files\microsoft directx sdk (june 2010)\include\dinput.h: DIRECTINPUT_VERSION undefined. Defaulting to version 0x0800
     1>e:\project code\c++\mario 2d\mario 2d\input.h(8): warning C4005: 'DIRECTINPUT_VERSION' : macro redefinition
                 c:\program files\microsoft directx sdk (june 2010)\include\dinput.h(42) : see previous definition of 'DIRECTINPUT_VERSION'
     1>e:\project code\c++\mario 2d\mario 2d\input.cpp(89): warning C4804: '>' : unsafe use of type 'bool' in operation
         GameStateManager.cpp
         c:\program files\microsoft directx sdk (june 2010)\include\dinput.h: DIRECTINPUT_VERSION undefined. Defaulting to version 0x0800
     1>e:\project code\c++\mario 2d\mario 2d\input.h(8): warning C4005: 'DIRECTINPUT_VERSION' : macro redefinition
                 c:\program files\microsoft directx sdk (june 2010)\include\dinput.h(42) : see previous definition of 'DIRECTINPUT_VERSION'
         GameState.cpp
         c:\program files\microsoft directx sdk (june 2010)\include\dinput.h: DIRECTINPUT_VERSION undefined. Defaulting to version 0x0800
     1>e:\project code\c++\mario 2d\mario 2d\input.h(8): warning C4005: 'DIRECTINPUT_VERSION' : macro redefinition
                 c:\program files\microsoft directx sdk (june 2010)\include\dinput.h(42) : see previous definition of 'DIRECTINPUT_VERSION'
         GameApps.cpp
         c:\program files\microsoft directx sdk (june 2010)\include\dinput.h: DIRECTINPUT_VERSION undefined. Defaulting to version 0x0800
     1>e:\project code\c++\mario 2d\mario 2d\input.h(8): warning C4005: 'DIRECTINPUT_VERSION' : macro redefinition
                 c:\program files\microsoft directx sdk (june 2010)\include\dinput.h(42) : see previous definition of 'DIRECTINPUT_VERSION'
         Generating Code...
       ManifestResourceCompile:
         All outputs are up-to-date.
       Link:
         C:\Program Files\Microsoft Visual Studio 10.0\VC\bin\link.exe /ERRORREPORT:PROMPT /OUT:"E:\Project Code\C++\Mario 2D\Debug\Mario 2D.exe" /INCREMENTAL /NOLOGO d3d9.lib d3dx9.lib dinput8.lib dxerr.lib dxguid.lib dsound.lib winmm.lib kernel32.lib user32.lib gdi32.lib winspool.lib comdlg32.lib advapi32.lib shell32.lib ole32.lib oleaut32.lib uuid.lib odbc32.lib odbccp32.lib kernel32.lib user32.lib gdi32.lib winspool.lib comdlg32.lib advapi32.lib shell32.lib ole32.lib oleaut32.lib uuid.lib odbc32.lib odbccp32.lib /MANIFEST /ManifestFile:"Debug\Mario 2D.exe.intermediate.manifest" /MANIFESTUAC:"level='asInvoker' uiAccess='false'" /DEBUG /PDB:"E:\Project Code\C++\Mario 2D\Debug\Mario 2D.pdb" /SUBSYSTEM:WINDOWS /TLBID:1 /DYNAMICBASE /NXCOMPAT /IMPLIB:"E:\Project Code\C++\Mario 2D\Debug\Mario 2D.lib" /MACHINE:X86 "Debug\Mario 2D.exe.embed.manifest.res"
         Debug\AboutState.obj
         Debug\Audio.obj
         Debug\Camera.obj
         Debug\Device.obj
         Debug\dsutil.obj
         Debug\ExitState.obj
         Debug\FPS.obj
         Debug\GameApps.obj
         Debug\GameState.obj
         Debug\GameStateManager.obj
         Debug\Graphic.obj
         Debug\Input.obj
         Debug\LoadingState.obj
         Debug\LogoState.obj
         Debug\MainGame.obj
         Debug\Map.obj
         Debug\Mario.obj
         Debug\MenuState.obj
         Debug\OptionState.obj
         Debug\PlayingState.obj
         Debug\QuadTree.obj
         Debug\Register.obj
         Debug\ResourceManager.obj
         Debug\SplashState.obj
         Debug\Sprite.obj
         Debug\Texture.obj
       Manifest:
         C:\Program Files\Microsoft SDKs\Windows\v7.0A\bin\mt.exe /nologo /verbose /out:"Debug\Mario 2D.exe.embed.manifest" /manifest "Debug\Mario 2D.exe.intermediate.manifest"
         All outputs are up-to-date.
       LinkEmbedManifest:
         All outputs are up-to-date.
         Mario 2D.vcxproj -> E:\Project Code\C++\Mario 2D\Debug\Mario 2D.exe
       FinalizeBuildStatus:
         Deleting file "Debug\Mario 2D.unsuccessfulbuild".
         Touching "Debug\Mario 2D.lastbuildstate".
     1>Done Building Project "E:\Project Code\C++\Mario 2D\Mario 2D\Mario 2D.vcxproj" (build target(s)).

Build succeeded.

Time Elapsed 00:00:11.07
