E:\PROJECT CODE\C++\MARIO 2D\DEBUG\MARIO 2D.EXE
E:\PROJECT CODE\C++\MARIO 2D\DEBUG\MARIO 2D.ILK
E:\PROJECT CODE\C++\MARIO 2D\DEBUG\MARIO 2D.PDB
E:\PROJECT CODE\C++\MARIO 2D\MARIO 2D\DEBUG\ABOUTSTATE.OBJ
E:\PROJECT CODE\C++\MARIO 2D\MARIO 2D\DEBUG\AUDIO.OBJ
E:\PROJECT CODE\C++\MARIO 2D\MARIO 2D\DEBUG\CAMERA.OBJ
E:\Project Code\C++\Mario 2D\Mario 2D\Debug\cl.command.1.tlog
E:\Project Code\C++\Mario 2D\Mario 2D\Debug\CL.read.1.tlog
E:\Project Code\C++\Mario 2D\Mario 2D\Debug\CL.write.1.tlog
E:\PROJECT CODE\C++\MARIO 2D\MARIO 2D\DEBUG\DEVICE.OBJ
E:\PROJECT CODE\C++\MARIO 2D\MARIO 2D\DEBUG\DSUTIL.OBJ
E:\PROJECT CODE\C++\MARIO 2D\MARIO 2D\DEBUG\EXITSTATE.OBJ
E:\PROJECT CODE\C++\MARIO 2D\MARIO 2D\DEBUG\FPS.OBJ
E:\PROJECT CODE\C++\MARIO 2D\MARIO 2D\DEBUG\GAMEAPPS.OBJ
E:\PROJECT CODE\C++\MARIO 2D\MARIO 2D\DEBUG\GAMESTATE.OBJ
E:\PROJECT CODE\C++\MARIO 2D\MARIO 2D\DEBUG\GAMESTATEMANAGER.OBJ
E:\PROJECT CODE\C++\MARIO 2D\MARIO 2D\DEBUG\GRAPHIC.OBJ
E:\PROJECT CODE\C++\MARIO 2D\MARIO 2D\DEBUG\INPUT.OBJ
E:\Project Code\C++\Mario 2D\Mario 2D\Debug\link.976.read.1.tlog
E:\Project Code\C++\Mario 2D\Mario 2D\Debug\link.976.write.1.tlog
E:\Project Code\C++\Mario 2D\Mario 2D\Debug\link.976-cvtres.read.1.tlog
E:\Project Code\C++\Mario 2D\Mario 2D\Debug\link.976-cvtres.write.1.tlog
E:\Project Code\C++\Mario 2D\Mario 2D\Debug\link.command.1.tlog
E:\Project Code\C++\Mario 2D\Mario 2D\Debug\link.read.1.tlog
E:\Project Code\C++\Mario 2D\Mario 2D\Debug\link.write.1.tlog
E:\Project Code\C++\Mario 2D\Mario 2D\Debug\link-cvtres.read.1.tlog
E:\Project Code\C++\Mario 2D\Mario 2D\Debug\link-cvtres.write.1.tlog
E:\PROJECT CODE\C++\MARIO 2D\MARIO 2D\DEBUG\LOADINGSTATE.OBJ
E:\PROJECT CODE\C++\MARIO 2D\MARIO 2D\DEBUG\LOGOSTATE.OBJ
E:\PROJECT CODE\C++\MARIO 2D\MARIO 2D\DEBUG\MAINGAME.OBJ
E:\PROJECT CODE\C++\MARIO 2D\MARIO 2D\DEBUG\MAP.OBJ
E:\PROJECT CODE\C++\MARIO 2D\MARIO 2D\DEBUG\MARIO 2D.EXE.EMBED.MANIFEST
E:\PROJECT CODE\C++\MARIO 2D\MARIO 2D\DEBUG\MARIO 2D.EXE.EMBED.MANIFEST.RES
E:\PROJECT CODE\C++\MARIO 2D\MARIO 2D\DEBUG\MARIO 2D.EXE.INTERMEDIATE.MANIFEST
E:\Project Code\C++\Mario 2D\Mario 2D\Debug\Mario 2D.vcxprojResolveAssemblyReference.cache
E:\Project Code\C++\Mario 2D\Mario 2D\Debug\Mario 2D.write.1.tlog
E:\Project Code\C++\Mario 2D\Mario 2D\Debug\Mario 2D_manifest.rc
E:\PROJECT CODE\C++\MARIO 2D\MARIO 2D\DEBUG\MARIO.OBJ
E:\PROJECT CODE\C++\MARIO 2D\MARIO 2D\DEBUG\MENUSTATE.OBJ
E:\Project Code\C++\Mario 2D\Mario 2D\Debug\mt.command.1.tlog
E:\Project Code\C++\Mario 2D\Mario 2D\Debug\mt.read.1.tlog
E:\Project Code\C++\Mario 2D\Mario 2D\Debug\mt.write.1.tlog
E:\PROJECT CODE\C++\MARIO 2D\MARIO 2D\DEBUG\OPTIONSTATE.OBJ
E:\PROJECT CODE\C++\MARIO 2D\MARIO 2D\DEBUG\PLAYINGSTATE.OBJ
E:\PROJECT CODE\C++\MARIO 2D\MARIO 2D\DEBUG\QUADTREE.OBJ
E:\Project Code\C++\Mario 2D\Mario 2D\Debug\rc.command.1.tlog
E:\Project Code\C++\Mario 2D\Mario 2D\Debug\rc.read.1.tlog
E:\Project Code\C++\Mario 2D\Mario 2D\Debug\rc.write.1.tlog
E:\PROJECT CODE\C++\MARIO 2D\MARIO 2D\DEBUG\REGISTER.OBJ
E:\PROJECT CODE\C++\MARIO 2D\MARIO 2D\DEBUG\RESOURCEMANAGER.OBJ
E:\PROJECT CODE\C++\MARIO 2D\MARIO 2D\DEBUG\SPLASHSTATE.OBJ
E:\PROJECT CODE\C++\MARIO 2D\MARIO 2D\DEBUG\SPRITE.OBJ
E:\PROJECT CODE\C++\MARIO 2D\MARIO 2D\DEBUG\TEXTURE.OBJ
E:\Project Code\C++\Mario 2D\Mario 2D\Debug\vc100.idb
E:\PROJECT CODE\C++\MARIO 2D\MARIO 2D\DEBUG\VC100.PDB
